<?xml version="1.0" encoding="UTF-8"?>
<!-- Generated by org.testng.reporters.JUnitXMLReporter -->
<testsuite hostname="Tapank.local" name="Assignment 2" tests="3" failures="0" timestamp="8 Aug 2019 11:57:41 GMT" time="110.904" errors="0">
  <testcase name="printAllLinks" time="9.749" classname="com.assign2.testCases.HomePageTest"/>
  <testcase name="getWaterMarkTextTest" time="0.03" classname="com.assign2.testCases.HomePageTest"/>
  <testcase name="searchFuncitonTest" time="74.627" classname="com.assign2.testCases.HomePageTest"/>
</testsuite> <!-- Assignment 2 -->
