<?xml version="1.0" encoding="UTF-8"?>
<testng-results skipped="0" failed="0" total="3" passed="3">
  <reporter-output>
  </reporter-output>
  <suite name="Assingment2_1" duration-ms="110904" started-at="2019-08-08T11:55:51Z" finished-at="2019-08-08T11:57:41Z">
    <groups>
    </groups>
    <test name="Assignment 2" duration-ms="110904" started-at="2019-08-08T11:55:51Z" finished-at="2019-08-08T11:57:41Z">
      <class name="com.assign2.testCases.HomePageTest">
        <test-method status="PASS" signature="setUp()[pri:0, instance:com.assign2.testCases.HomePageTest@4501b7af]" name="setUp" is-config="true" duration-ms="10943" started-at="2019-08-08T17:25:51Z" finished-at="2019-08-08T17:26:01Z">
          <reporter-output>
          </reporter-output>
        </test-method> <!-- setUp -->
        <test-method status="PASS" signature="printAllLinks()[pri:0, instance:com.assign2.testCases.HomePageTest@4501b7af]" name="printAllLinks" duration-ms="9749" started-at="2019-08-08T17:26:01Z" finished-at="2019-08-08T17:26:11Z">
          <reporter-output>
          </reporter-output>
        </test-method> <!-- printAllLinks -->
        <test-method status="PASS" signature="teadDown()[pri:0, instance:com.assign2.testCases.HomePageTest@4501b7af]" name="teadDown" is-config="true" duration-ms="135" started-at="2019-08-08T17:26:11Z" finished-at="2019-08-08T17:26:11Z">
          <reporter-output>
          </reporter-output>
        </test-method> <!-- teadDown -->
        <test-method status="PASS" signature="setUp()[pri:0, instance:com.assign2.testCases.HomePageTest@4501b7af]" name="setUp" is-config="true" duration-ms="7597" started-at="2019-08-08T17:26:11Z" finished-at="2019-08-08T17:26:19Z">
          <reporter-output>
          </reporter-output>
        </test-method> <!-- setUp -->
        <test-method status="PASS" signature="getWaterMarkTextTest()[pri:0, instance:com.assign2.testCases.HomePageTest@4501b7af]" name="getWaterMarkTextTest" duration-ms="30" started-at="2019-08-08T17:26:19Z" finished-at="2019-08-08T17:26:19Z">
          <reporter-output>
          </reporter-output>
        </test-method> <!-- getWaterMarkTextTest -->
        <test-method status="PASS" signature="teadDown()[pri:0, instance:com.assign2.testCases.HomePageTest@4501b7af]" name="teadDown" is-config="true" duration-ms="97" started-at="2019-08-08T17:26:19Z" finished-at="2019-08-08T17:26:19Z">
          <reporter-output>
          </reporter-output>
        </test-method> <!-- teadDown -->
        <test-method status="PASS" signature="setUp()[pri:0, instance:com.assign2.testCases.HomePageTest@4501b7af]" name="setUp" is-config="true" duration-ms="7415" started-at="2019-08-08T17:26:19Z" finished-at="2019-08-08T17:26:27Z">
          <reporter-output>
          </reporter-output>
        </test-method> <!-- setUp -->
        <test-method status="PASS" signature="searchFuncitonTest()[pri:0, instance:com.assign2.testCases.HomePageTest@4501b7af]" name="searchFuncitonTest" duration-ms="74627" started-at="2019-08-08T17:26:27Z" finished-at="2019-08-08T17:27:41Z">
          <reporter-output>
          </reporter-output>
        </test-method> <!-- searchFuncitonTest -->
        <test-method status="PASS" signature="teadDown()[pri:0, instance:com.assign2.testCases.HomePageTest@4501b7af]" name="teadDown" is-config="true" duration-ms="294" started-at="2019-08-08T17:27:41Z" finished-at="2019-08-08T17:27:41Z">
          <reporter-output>
          </reporter-output>
        </test-method> <!-- teadDown -->
      </class> <!-- com.assign2.testCases.HomePageTest -->
    </test> <!-- Assignment 2 -->
  </suite> <!-- Assingment2_1 -->
</testng-results>
